Performing C SOURCE FILE Test CMAKE_HAVE_LIBC_PTHREAD failed with the following output:
Change Dir: /home/yzc/IsaacSim-ros_workspaces/noetic_ws/src/navigation/turtle_2dnav/build/CMakeFiles/CMakeTmp

Run Build Command(s):/usr/bin/make cmTC_4db8c/fast && /usr/bin/make -f CMakeFiles/cmTC_4db8c.dir/build.make CMakeFiles/cmTC_4db8c.dir/build
make[1]: 进入目录“/home/yzc/IsaacSim-ros_workspaces/noetic_ws/src/navigation/turtle_2dnav/build/CMakeFiles/CMakeTmp”
Building C object CMakeFiles/cmTC_4db8c.dir/src.c.o
/usr/bin/cc   -DCMAKE_HAVE_LIBC_PTHREAD   -o CMakeFiles/cmTC_4db8c.dir/src.c.o   -c /home/yzc/IsaacSim-ros_workspaces/noetic_ws/src/navigation/turtle_2dnav/build/CMakeFiles/CMakeTmp/src.c
Linking C executable cmTC_4db8c
/usr/bin/cmake -E cmake_link_script CMakeFiles/cmTC_4db8c.dir/link.txt --verbose=1
/usr/bin/cc  -DCMAKE_HAVE_LIBC_PTHREAD    -rdynamic CMakeFiles/cmTC_4db8c.dir/src.c.o  -o cmTC_4db8c 
/usr/bin/ld: CMakeFiles/cmTC_4db8c.dir/src.c.o: in function `main':
src.c:(.text+0x46): undefined reference to `pthread_create'
/usr/bin/ld: src.c:(.text+0x52): undefined reference to `pthread_detach'
/usr/bin/ld: src.c:(.text+0x63): undefined reference to `pthread_join'
collect2: error: ld returned 1 exit status
make[1]: *** [CMakeFiles/cmTC_4db8c.dir/build.make:87：cmTC_4db8c] 错误 1
make[1]: 离开目录“/home/yzc/IsaacSim-ros_workspaces/noetic_ws/src/navigation/turtle_2dnav/build/CMakeFiles/CMakeTmp”
make: *** [Makefile:121：cmTC_4db8c/fast] 错误 2


Source file was:
#include <pthread.h>

void* test_func(void* data)
{
  return data;
}

int main(void)
{
  pthread_t thread;
  pthread_create(&thread, NULL, test_func, NULL);
  pthread_detach(thread);
  pthread_join(thread, NULL);
  pthread_atfork(NULL, NULL, NULL);
  pthread_exit(NULL);

  return 0;
}

Determining if the function pthread_create exists in the pthreads failed with the following output:
Change Dir: /home/yzc/IsaacSim-ros_workspaces/noetic_ws/src/navigation/turtle_2dnav/build/CMakeFiles/CMakeTmp

Run Build Command(s):/usr/bin/make cmTC_5195c/fast && /usr/bin/make -f CMakeFiles/cmTC_5195c.dir/build.make CMakeFiles/cmTC_5195c.dir/build
make[1]: 进入目录“/home/yzc/IsaacSim-ros_workspaces/noetic_ws/src/navigation/turtle_2dnav/build/CMakeFiles/CMakeTmp”
Building C object CMakeFiles/cmTC_5195c.dir/CheckFunctionExists.c.o
/usr/bin/cc   -DCHECK_FUNCTION_EXISTS=pthread_create   -o CMakeFiles/cmTC_5195c.dir/CheckFunctionExists.c.o   -c /usr/share/cmake-3.16/Modules/CheckFunctionExists.c
Linking C executable cmTC_5195c
/usr/bin/cmake -E cmake_link_script CMakeFiles/cmTC_5195c.dir/link.txt --verbose=1
/usr/bin/cc  -DCHECK_FUNCTION_EXISTS=pthread_create    -rdynamic CMakeFiles/cmTC_5195c.dir/CheckFunctionExists.c.o  -o cmTC_5195c  -lpthreads 
/usr/bin/ld: 找不到 -lpthreads
collect2: error: ld returned 1 exit status
make[1]: *** [CMakeFiles/cmTC_5195c.dir/build.make:87：cmTC_5195c] 错误 1
make[1]: 离开目录“/home/yzc/IsaacSim-ros_workspaces/noetic_ws/src/navigation/turtle_2dnav/build/CMakeFiles/CMakeTmp”
make: *** [Makefile:121：cmTC_5195c/fast] 错误 2



Performing C SOURCE FILE Test CMAKE_HAVE_LIBC_PTHREAD failed with the following output:
Change Dir: /home/yzc/IsaacSim-ros_workspaces/noetic_ws/src/navigation/turtle_2dnav/build/CMakeFiles/CMakeTmp

Run Build Command(s):/usr/bin/make cmTC_3f4f2/fast && /usr/bin/make -f CMakeFiles/cmTC_3f4f2.dir/build.make CMakeFiles/cmTC_3f4f2.dir/build
make[1]: 进入目录“/home/yzc/IsaacSim-ros_workspaces/noetic_ws/src/navigation/turtle_2dnav/build/CMakeFiles/CMakeTmp”
Building C object CMakeFiles/cmTC_3f4f2.dir/src.c.o
/usr/bin/cc   -DCMAKE_HAVE_LIBC_PTHREAD   -o CMakeFiles/cmTC_3f4f2.dir/src.c.o   -c /home/yzc/IsaacSim-ros_workspaces/noetic_ws/src/navigation/turtle_2dnav/build/CMakeFiles/CMakeTmp/src.c
Linking C executable cmTC_3f4f2
/usr/bin/cmake -E cmake_link_script CMakeFiles/cmTC_3f4f2.dir/link.txt --verbose=1
/usr/bin/cc  -DCMAKE_HAVE_LIBC_PTHREAD    -rdynamic CMakeFiles/cmTC_3f4f2.dir/src.c.o  -o cmTC_3f4f2 
/usr/bin/ld: CMakeFiles/cmTC_3f4f2.dir/src.c.o: in function `main':
src.c:(.text+0x46): undefined reference to `pthread_create'
/usr/bin/ld: src.c:(.text+0x52): undefined reference to `pthread_detach'
/usr/bin/ld: src.c:(.text+0x63): undefined reference to `pthread_join'
collect2: error: ld returned 1 exit status
make[1]: *** [CMakeFiles/cmTC_3f4f2.dir/build.make:87：cmTC_3f4f2] 错误 1
make[1]: 离开目录“/home/yzc/IsaacSim-ros_workspaces/noetic_ws/src/navigation/turtle_2dnav/build/CMakeFiles/CMakeTmp”
make: *** [Makefile:121：cmTC_3f4f2/fast] 错误 2


Source file was:
#include <pthread.h>

void* test_func(void* data)
{
  return data;
}

int main(void)
{
  pthread_t thread;
  pthread_create(&thread, NULL, test_func, NULL);
  pthread_detach(thread);
  pthread_join(thread, NULL);
  pthread_atfork(NULL, NULL, NULL);
  pthread_exit(NULL);

  return 0;
}

Determining if the function pthread_create exists in the pthreads failed with the following output:
Change Dir: /home/yzc/IsaacSim-ros_workspaces/noetic_ws/src/navigation/turtle_2dnav/build/CMakeFiles/CMakeTmp

Run Build Command(s):/usr/bin/make cmTC_adf92/fast && /usr/bin/make -f CMakeFiles/cmTC_adf92.dir/build.make CMakeFiles/cmTC_adf92.dir/build
make[1]: 进入目录“/home/yzc/IsaacSim-ros_workspaces/noetic_ws/src/navigation/turtle_2dnav/build/CMakeFiles/CMakeTmp”
Building C object CMakeFiles/cmTC_adf92.dir/CheckFunctionExists.c.o
/usr/bin/cc   -DCHECK_FUNCTION_EXISTS=pthread_create   -o CMakeFiles/cmTC_adf92.dir/CheckFunctionExists.c.o   -c /usr/share/cmake-3.16/Modules/CheckFunctionExists.c
Linking C executable cmTC_adf92
/usr/bin/cmake -E cmake_link_script CMakeFiles/cmTC_adf92.dir/link.txt --verbose=1
/usr/bin/cc  -DCHECK_FUNCTION_EXISTS=pthread_create    -rdynamic CMakeFiles/cmTC_adf92.dir/CheckFunctionExists.c.o  -o cmTC_adf92  -lpthreads 
/usr/bin/ld: 找不到 -lpthreads
collect2: error: ld returned 1 exit status
make[1]: *** [CMakeFiles/cmTC_adf92.dir/build.make:87：cmTC_adf92] 错误 1
make[1]: 离开目录“/home/yzc/IsaacSim-ros_workspaces/noetic_ws/src/navigation/turtle_2dnav/build/CMakeFiles/CMakeTmp”
make: *** [Makefile:121：cmTC_adf92/fast] 错误 2



Performing C SOURCE FILE Test CMAKE_HAVE_LIBC_PTHREAD failed with the following output:
Change Dir: /home/yzc/IsaacSim-ros_workspaces/noetic_ws/src/navigation/turtle_2dnav/build/CMakeFiles/CMakeTmp

Run Build Command(s):/usr/bin/make cmTC_26120/fast && /usr/bin/make -f CMakeFiles/cmTC_26120.dir/build.make CMakeFiles/cmTC_26120.dir/build
make[1]: 进入目录“/home/yzc/IsaacSim-ros_workspaces/noetic_ws/src/navigation/turtle_2dnav/build/CMakeFiles/CMakeTmp”
Building C object CMakeFiles/cmTC_26120.dir/src.c.o
/usr/bin/cc   -DCMAKE_HAVE_LIBC_PTHREAD   -o CMakeFiles/cmTC_26120.dir/src.c.o   -c /home/yzc/IsaacSim-ros_workspaces/noetic_ws/src/navigation/turtle_2dnav/build/CMakeFiles/CMakeTmp/src.c
Linking C executable cmTC_26120
/usr/bin/cmake -E cmake_link_script CMakeFiles/cmTC_26120.dir/link.txt --verbose=1
/usr/bin/cc  -DCMAKE_HAVE_LIBC_PTHREAD    -rdynamic CMakeFiles/cmTC_26120.dir/src.c.o  -o cmTC_26120 
/usr/bin/ld: CMakeFiles/cmTC_26120.dir/src.c.o: in function `main':
src.c:(.text+0x46): undefined reference to `pthread_create'
/usr/bin/ld: src.c:(.text+0x52): undefined reference to `pthread_detach'
/usr/bin/ld: src.c:(.text+0x63): undefined reference to `pthread_join'
collect2: error: ld returned 1 exit status
make[1]: *** [CMakeFiles/cmTC_26120.dir/build.make:87：cmTC_26120] 错误 1
make[1]: 离开目录“/home/yzc/IsaacSim-ros_workspaces/noetic_ws/src/navigation/turtle_2dnav/build/CMakeFiles/CMakeTmp”
make: *** [Makefile:121：cmTC_26120/fast] 错误 2


Source file was:
#include <pthread.h>

void* test_func(void* data)
{
  return data;
}

int main(void)
{
  pthread_t thread;
  pthread_create(&thread, NULL, test_func, NULL);
  pthread_detach(thread);
  pthread_join(thread, NULL);
  pthread_atfork(NULL, NULL, NULL);
  pthread_exit(NULL);

  return 0;
}

Determining if the function pthread_create exists in the pthreads failed with the following output:
Change Dir: /home/yzc/IsaacSim-ros_workspaces/noetic_ws/src/navigation/turtle_2dnav/build/CMakeFiles/CMakeTmp

Run Build Command(s):/usr/bin/make cmTC_34684/fast && /usr/bin/make -f CMakeFiles/cmTC_34684.dir/build.make CMakeFiles/cmTC_34684.dir/build
make[1]: 进入目录“/home/yzc/IsaacSim-ros_workspaces/noetic_ws/src/navigation/turtle_2dnav/build/CMakeFiles/CMakeTmp”
Building C object CMakeFiles/cmTC_34684.dir/CheckFunctionExists.c.o
/usr/bin/cc   -DCHECK_FUNCTION_EXISTS=pthread_create   -o CMakeFiles/cmTC_34684.dir/CheckFunctionExists.c.o   -c /usr/share/cmake-3.16/Modules/CheckFunctionExists.c
Linking C executable cmTC_34684
/usr/bin/cmake -E cmake_link_script CMakeFiles/cmTC_34684.dir/link.txt --verbose=1
/usr/bin/cc  -DCHECK_FUNCTION_EXISTS=pthread_create    -rdynamic CMakeFiles/cmTC_34684.dir/CheckFunctionExists.c.o  -o cmTC_34684  -lpthreads 
/usr/bin/ld: 找不到 -lpthreads
collect2: error: ld returned 1 exit status
make[1]: *** [CMakeFiles/cmTC_34684.dir/build.make:87：cmTC_34684] 错误 1
make[1]: 离开目录“/home/yzc/IsaacSim-ros_workspaces/noetic_ws/src/navigation/turtle_2dnav/build/CMakeFiles/CMakeTmp”
make: *** [Makefile:121：cmTC_34684/fast] 错误 2



Performing C SOURCE FILE Test CMAKE_HAVE_LIBC_PTHREAD failed with the following output:
Change Dir: /home/yzc/IsaacSim-ros_workspaces/noetic_ws/src/navigation/turtle_2dnav/build/CMakeFiles/CMakeTmp

Run Build Command(s):/usr/bin/make cmTC_65aa3/fast && /usr/bin/make -f CMakeFiles/cmTC_65aa3.dir/build.make CMakeFiles/cmTC_65aa3.dir/build
make[1]: 进入目录“/home/yzc/IsaacSim-ros_workspaces/noetic_ws/src/navigation/turtle_2dnav/build/CMakeFiles/CMakeTmp”
Building C object CMakeFiles/cmTC_65aa3.dir/src.c.o
/usr/bin/cc   -DCMAKE_HAVE_LIBC_PTHREAD   -o CMakeFiles/cmTC_65aa3.dir/src.c.o   -c /home/yzc/IsaacSim-ros_workspaces/noetic_ws/src/navigation/turtle_2dnav/build/CMakeFiles/CMakeTmp/src.c
Linking C executable cmTC_65aa3
/usr/bin/cmake -E cmake_link_script CMakeFiles/cmTC_65aa3.dir/link.txt --verbose=1
/usr/bin/cc  -DCMAKE_HAVE_LIBC_PTHREAD    -rdynamic CMakeFiles/cmTC_65aa3.dir/src.c.o  -o cmTC_65aa3 
/usr/bin/ld: CMakeFiles/cmTC_65aa3.dir/src.c.o: in function `main':
src.c:(.text+0x46): undefined reference to `pthread_create'
/usr/bin/ld: src.c:(.text+0x52): undefined reference to `pthread_detach'
/usr/bin/ld: src.c:(.text+0x63): undefined reference to `pthread_join'
collect2: error: ld returned 1 exit status
make[1]: *** [CMakeFiles/cmTC_65aa3.dir/build.make:87：cmTC_65aa3] 错误 1
make[1]: 离开目录“/home/yzc/IsaacSim-ros_workspaces/noetic_ws/src/navigation/turtle_2dnav/build/CMakeFiles/CMakeTmp”
make: *** [Makefile:121：cmTC_65aa3/fast] 错误 2


Source file was:
#include <pthread.h>

void* test_func(void* data)
{
  return data;
}

int main(void)
{
  pthread_t thread;
  pthread_create(&thread, NULL, test_func, NULL);
  pthread_detach(thread);
  pthread_join(thread, NULL);
  pthread_atfork(NULL, NULL, NULL);
  pthread_exit(NULL);

  return 0;
}

Determining if the function pthread_create exists in the pthreads failed with the following output:
Change Dir: /home/yzc/IsaacSim-ros_workspaces/noetic_ws/src/navigation/turtle_2dnav/build/CMakeFiles/CMakeTmp

Run Build Command(s):/usr/bin/make cmTC_acdf5/fast && /usr/bin/make -f CMakeFiles/cmTC_acdf5.dir/build.make CMakeFiles/cmTC_acdf5.dir/build
make[1]: 进入目录“/home/yzc/IsaacSim-ros_workspaces/noetic_ws/src/navigation/turtle_2dnav/build/CMakeFiles/CMakeTmp”
Building C object CMakeFiles/cmTC_acdf5.dir/CheckFunctionExists.c.o
/usr/bin/cc   -DCHECK_FUNCTION_EXISTS=pthread_create   -o CMakeFiles/cmTC_acdf5.dir/CheckFunctionExists.c.o   -c /usr/share/cmake-3.16/Modules/CheckFunctionExists.c
Linking C executable cmTC_acdf5
/usr/bin/cmake -E cmake_link_script CMakeFiles/cmTC_acdf5.dir/link.txt --verbose=1
/usr/bin/cc  -DCHECK_FUNCTION_EXISTS=pthread_create    -rdynamic CMakeFiles/cmTC_acdf5.dir/CheckFunctionExists.c.o  -o cmTC_acdf5  -lpthreads 
/usr/bin/ld: 找不到 -lpthreads
collect2: error: ld returned 1 exit status
make[1]: *** [CMakeFiles/cmTC_acdf5.dir/build.make:87：cmTC_acdf5] 错误 1
make[1]: 离开目录“/home/yzc/IsaacSim-ros_workspaces/noetic_ws/src/navigation/turtle_2dnav/build/CMakeFiles/CMakeTmp”
make: *** [Makefile:121：cmTC_acdf5/fast] 错误 2



Performing C SOURCE FILE Test CMAKE_HAVE_LIBC_PTHREAD failed with the following output:
Change Dir: /home/yzc/IsaacSim-ros_workspaces/noetic_ws/src/navigation/turtle_2dnav/build/CMakeFiles/CMakeTmp

Run Build Command(s):/usr/bin/make cmTC_36c45/fast && /usr/bin/make -f CMakeFiles/cmTC_36c45.dir/build.make CMakeFiles/cmTC_36c45.dir/build
make[1]: 进入目录“/home/yzc/IsaacSim-ros_workspaces/noetic_ws/src/navigation/turtle_2dnav/build/CMakeFiles/CMakeTmp”
Building C object CMakeFiles/cmTC_36c45.dir/src.c.o
/usr/bin/cc   -DCMAKE_HAVE_LIBC_PTHREAD   -o CMakeFiles/cmTC_36c45.dir/src.c.o   -c /home/yzc/IsaacSim-ros_workspaces/noetic_ws/src/navigation/turtle_2dnav/build/CMakeFiles/CMakeTmp/src.c
Linking C executable cmTC_36c45
/usr/bin/cmake -E cmake_link_script CMakeFiles/cmTC_36c45.dir/link.txt --verbose=1
/usr/bin/cc  -DCMAKE_HAVE_LIBC_PTHREAD    -rdynamic CMakeFiles/cmTC_36c45.dir/src.c.o  -o cmTC_36c45 
/usr/bin/ld: CMakeFiles/cmTC_36c45.dir/src.c.o: in function `main':
src.c:(.text+0x46): undefined reference to `pthread_create'
/usr/bin/ld: src.c:(.text+0x52): undefined reference to `pthread_detach'
/usr/bin/ld: src.c:(.text+0x63): undefined reference to `pthread_join'
collect2: error: ld returned 1 exit status
make[1]: *** [CMakeFiles/cmTC_36c45.dir/build.make:87：cmTC_36c45] 错误 1
make[1]: 离开目录“/home/yzc/IsaacSim-ros_workspaces/noetic_ws/src/navigation/turtle_2dnav/build/CMakeFiles/CMakeTmp”
make: *** [Makefile:121：cmTC_36c45/fast] 错误 2


Source file was:
#include <pthread.h>

void* test_func(void* data)
{
  return data;
}

int main(void)
{
  pthread_t thread;
  pthread_create(&thread, NULL, test_func, NULL);
  pthread_detach(thread);
  pthread_join(thread, NULL);
  pthread_atfork(NULL, NULL, NULL);
  pthread_exit(NULL);

  return 0;
}

Determining if the function pthread_create exists in the pthreads failed with the following output:
Change Dir: /home/yzc/IsaacSim-ros_workspaces/noetic_ws/src/navigation/turtle_2dnav/build/CMakeFiles/CMakeTmp

Run Build Command(s):/usr/bin/make cmTC_c9c4f/fast && /usr/bin/make -f CMakeFiles/cmTC_c9c4f.dir/build.make CMakeFiles/cmTC_c9c4f.dir/build
make[1]: 进入目录“/home/yzc/IsaacSim-ros_workspaces/noetic_ws/src/navigation/turtle_2dnav/build/CMakeFiles/CMakeTmp”
Building C object CMakeFiles/cmTC_c9c4f.dir/CheckFunctionExists.c.o
/usr/bin/cc   -DCHECK_FUNCTION_EXISTS=pthread_create   -o CMakeFiles/cmTC_c9c4f.dir/CheckFunctionExists.c.o   -c /usr/share/cmake-3.16/Modules/CheckFunctionExists.c
Linking C executable cmTC_c9c4f
/usr/bin/cmake -E cmake_link_script CMakeFiles/cmTC_c9c4f.dir/link.txt --verbose=1
/usr/bin/cc  -DCHECK_FUNCTION_EXISTS=pthread_create    -rdynamic CMakeFiles/cmTC_c9c4f.dir/CheckFunctionExists.c.o  -o cmTC_c9c4f  -lpthreads 
/usr/bin/ld: 找不到 -lpthreads
collect2: error: ld returned 1 exit status
make[1]: *** [CMakeFiles/cmTC_c9c4f.dir/build.make:87：cmTC_c9c4f] 错误 1
make[1]: 离开目录“/home/yzc/IsaacSim-ros_workspaces/noetic_ws/src/navigation/turtle_2dnav/build/CMakeFiles/CMakeTmp”
make: *** [Makefile:121：cmTC_c9c4f/fast] 错误 2



Performing C SOURCE FILE Test CMAKE_HAVE_LIBC_PTHREAD failed with the following output:
Change Dir: /home/yzc/IsaacSim-ros_workspaces/noetic_ws/src/navigation/turtle_2dnav/build/CMakeFiles/CMakeTmp

Run Build Command(s):/usr/bin/make cmTC_84379/fast && /usr/bin/make -f CMakeFiles/cmTC_84379.dir/build.make CMakeFiles/cmTC_84379.dir/build
make[1]: 进入目录“/home/yzc/IsaacSim-ros_workspaces/noetic_ws/src/navigation/turtle_2dnav/build/CMakeFiles/CMakeTmp”
Building C object CMakeFiles/cmTC_84379.dir/src.c.o
/usr/bin/cc   -DCMAKE_HAVE_LIBC_PTHREAD   -o CMakeFiles/cmTC_84379.dir/src.c.o   -c /home/yzc/IsaacSim-ros_workspaces/noetic_ws/src/navigation/turtle_2dnav/build/CMakeFiles/CMakeTmp/src.c
Linking C executable cmTC_84379
/usr/bin/cmake -E cmake_link_script CMakeFiles/cmTC_84379.dir/link.txt --verbose=1
/usr/bin/cc  -DCMAKE_HAVE_LIBC_PTHREAD    -rdynamic CMakeFiles/cmTC_84379.dir/src.c.o  -o cmTC_84379 
/usr/bin/ld: CMakeFiles/cmTC_84379.dir/src.c.o: in function `main':
src.c:(.text+0x46): undefined reference to `pthread_create'
/usr/bin/ld: src.c:(.text+0x52): undefined reference to `pthread_detach'
/usr/bin/ld: src.c:(.text+0x63): undefined reference to `pthread_join'
collect2: error: ld returned 1 exit status
make[1]: *** [CMakeFiles/cmTC_84379.dir/build.make:87：cmTC_84379] 错误 1
make[1]: 离开目录“/home/yzc/IsaacSim-ros_workspaces/noetic_ws/src/navigation/turtle_2dnav/build/CMakeFiles/CMakeTmp”
make: *** [Makefile:121：cmTC_84379/fast] 错误 2


Source file was:
#include <pthread.h>

void* test_func(void* data)
{
  return data;
}

int main(void)
{
  pthread_t thread;
  pthread_create(&thread, NULL, test_func, NULL);
  pthread_detach(thread);
  pthread_join(thread, NULL);
  pthread_atfork(NULL, NULL, NULL);
  pthread_exit(NULL);

  return 0;
}

Determining if the function pthread_create exists in the pthreads failed with the following output:
Change Dir: /home/yzc/IsaacSim-ros_workspaces/noetic_ws/src/navigation/turtle_2dnav/build/CMakeFiles/CMakeTmp

Run Build Command(s):/usr/bin/make cmTC_5e513/fast && /usr/bin/make -f CMakeFiles/cmTC_5e513.dir/build.make CMakeFiles/cmTC_5e513.dir/build
make[1]: 进入目录“/home/yzc/IsaacSim-ros_workspaces/noetic_ws/src/navigation/turtle_2dnav/build/CMakeFiles/CMakeTmp”
Building C object CMakeFiles/cmTC_5e513.dir/CheckFunctionExists.c.o
/usr/bin/cc   -DCHECK_FUNCTION_EXISTS=pthread_create   -o CMakeFiles/cmTC_5e513.dir/CheckFunctionExists.c.o   -c /usr/share/cmake-3.16/Modules/CheckFunctionExists.c
Linking C executable cmTC_5e513
/usr/bin/cmake -E cmake_link_script CMakeFiles/cmTC_5e513.dir/link.txt --verbose=1
/usr/bin/cc  -DCHECK_FUNCTION_EXISTS=pthread_create    -rdynamic CMakeFiles/cmTC_5e513.dir/CheckFunctionExists.c.o  -o cmTC_5e513  -lpthreads 
/usr/bin/ld: 找不到 -lpthreads
collect2: error: ld returned 1 exit status
make[1]: *** [CMakeFiles/cmTC_5e513.dir/build.make:87：cmTC_5e513] 错误 1
make[1]: 离开目录“/home/yzc/IsaacSim-ros_workspaces/noetic_ws/src/navigation/turtle_2dnav/build/CMakeFiles/CMakeTmp”
make: *** [Makefile:121：cmTC_5e513/fast] 错误 2



Performing C SOURCE FILE Test CMAKE_HAVE_LIBC_PTHREAD failed with the following output:
Change Dir: /home/yzc/IsaacSim-ros_workspaces/noetic_ws/src/navigation/turtle_2dnav/build/CMakeFiles/CMakeTmp

Run Build Command(s):/usr/bin/make cmTC_6c67e/fast && /usr/bin/make -f CMakeFiles/cmTC_6c67e.dir/build.make CMakeFiles/cmTC_6c67e.dir/build
make[1]: 进入目录“/home/yzc/IsaacSim-ros_workspaces/noetic_ws/src/navigation/turtle_2dnav/build/CMakeFiles/CMakeTmp”
Building C object CMakeFiles/cmTC_6c67e.dir/src.c.o
/usr/bin/cc   -DCMAKE_HAVE_LIBC_PTHREAD   -o CMakeFiles/cmTC_6c67e.dir/src.c.o   -c /home/yzc/IsaacSim-ros_workspaces/noetic_ws/src/navigation/turtle_2dnav/build/CMakeFiles/CMakeTmp/src.c
Linking C executable cmTC_6c67e
/usr/bin/cmake -E cmake_link_script CMakeFiles/cmTC_6c67e.dir/link.txt --verbose=1
/usr/bin/cc  -DCMAKE_HAVE_LIBC_PTHREAD    -rdynamic CMakeFiles/cmTC_6c67e.dir/src.c.o  -o cmTC_6c67e 
/usr/bin/ld: CMakeFiles/cmTC_6c67e.dir/src.c.o: in function `main':
src.c:(.text+0x46): undefined reference to `pthread_create'
/usr/bin/ld: src.c:(.text+0x52): undefined reference to `pthread_detach'
/usr/bin/ld: src.c:(.text+0x63): undefined reference to `pthread_join'
collect2: error: ld returned 1 exit status
make[1]: *** [CMakeFiles/cmTC_6c67e.dir/build.make:87：cmTC_6c67e] 错误 1
make[1]: 离开目录“/home/yzc/IsaacSim-ros_workspaces/noetic_ws/src/navigation/turtle_2dnav/build/CMakeFiles/CMakeTmp”
make: *** [Makefile:121：cmTC_6c67e/fast] 错误 2


Source file was:
#include <pthread.h>

void* test_func(void* data)
{
  return data;
}

int main(void)
{
  pthread_t thread;
  pthread_create(&thread, NULL, test_func, NULL);
  pthread_detach(thread);
  pthread_join(thread, NULL);
  pthread_atfork(NULL, NULL, NULL);
  pthread_exit(NULL);

  return 0;
}

Determining if the function pthread_create exists in the pthreads failed with the following output:
Change Dir: /home/yzc/IsaacSim-ros_workspaces/noetic_ws/src/navigation/turtle_2dnav/build/CMakeFiles/CMakeTmp

Run Build Command(s):/usr/bin/make cmTC_dab8f/fast && /usr/bin/make -f CMakeFiles/cmTC_dab8f.dir/build.make CMakeFiles/cmTC_dab8f.dir/build
make[1]: 进入目录“/home/yzc/IsaacSim-ros_workspaces/noetic_ws/src/navigation/turtle_2dnav/build/CMakeFiles/CMakeTmp”
Building C object CMakeFiles/cmTC_dab8f.dir/CheckFunctionExists.c.o
/usr/bin/cc   -DCHECK_FUNCTION_EXISTS=pthread_create   -o CMakeFiles/cmTC_dab8f.dir/CheckFunctionExists.c.o   -c /usr/share/cmake-3.16/Modules/CheckFunctionExists.c
Linking C executable cmTC_dab8f
/usr/bin/cmake -E cmake_link_script CMakeFiles/cmTC_dab8f.dir/link.txt --verbose=1
/usr/bin/cc  -DCHECK_FUNCTION_EXISTS=pthread_create    -rdynamic CMakeFiles/cmTC_dab8f.dir/CheckFunctionExists.c.o  -o cmTC_dab8f  -lpthreads 
/usr/bin/ld: 找不到 -lpthreads
collect2: error: ld returned 1 exit status
make[1]: *** [CMakeFiles/cmTC_dab8f.dir/build.make:87：cmTC_dab8f] 错误 1
make[1]: 离开目录“/home/yzc/IsaacSim-ros_workspaces/noetic_ws/src/navigation/turtle_2dnav/build/CMakeFiles/CMakeTmp”
make: *** [Makefile:121：cmTC_dab8f/fast] 错误 2



